Build started 04/11/2015 12:00:50.
     1>Project "C:\Users\samuel.fiddis\documents\visual studio 2015\Projects\Chapter_13_Exercises\Chapter_13_Exercises\Chapter_13_Exercises.vcxproj" on node 2 (Build target(s)).
     1>ClCompile:
         C:\Program Files (x86)\Microsoft Visual Studio 14.0\VC\bin\CL.exe /c /ZI /nologo /W3 /WX- /sdl /Od /Oy- /D WIN32 /D _DEBUG /D _CONSOLE /D _UNICODE /D UNICODE /Gm /EHsc /RTC1 /MDd /GS /fp:precise /Zc:wchar_t /Zc:forScope /Zc:inline /Fo"Debug\\" /Fd"Debug\vc140.pdb" /Gd /TP /analyze- /errorReport:prompt Drill.cpp
         Drill.cpp
     1>c:\users\samuel.fiddis\documents\visual studio 2015\projects\chapter_13_exercises\chapter_13_exercises\graph.h(45): warning C4305: 'initializing': truncation from 'Graph_lib::Color::Transparency' to 'char'
     1>c:\users\samuel.fiddis\documents\visual studio 2015\projects\chapter_13_exercises\chapter_13_exercises\graph.h(45): warning C4309: 'initializing': truncation of constant value
     1>c:\users\samuel.fiddis\documents\visual studio 2015\projects\chapter_13_exercises\chapter_13_exercises\graph.h(47): warning C4305: 'initializing': truncation from 'Graph_lib::Color::Transparency' to 'char'
     1>c:\users\samuel.fiddis\documents\visual studio 2015\projects\chapter_13_exercises\chapter_13_exercises\graph.h(47): warning C4309: 'initializing': truncation of constant value
     1>c:\users\samuel.fiddis\documents\visual studio 2015\projects\chapter_13_exercises\chapter_13_exercises\graph.h(401): warning C4244: 'initializing': conversion from 'double' to 'int', possible loss of data
     1>c:\users\samuel.fiddis\documents\visual studio 2015\projects\chapter_13_exercises\chapter_13_exercises\gui.h(107): warning C4018: '<': signed/unsigned mismatch
     1>c:\users\samuel.fiddis\documents\visual studio 2015\projects\chapter_13_exercises\chapter_13_exercises\gui.h(112): warning C4018: '<': signed/unsigned mismatch
     1>c:\users\samuel.fiddis\documents\visual studio 2015\projects\chapter_13_exercises\chapter_13_exercises\gui.h(117): warning C4018: '<': signed/unsigned mismatch
     1>c:\users\samuel.fiddis\documents\visual studio 2015\projects\chapter_13_exercises\chapter_13_exercises\graph.h(130): warning C4018: '<': signed/unsigned mismatch
         c:\users\samuel.fiddis\documents\visual studio 2015\projects\chapter_13_exercises\chapter_13_exercises\graph.h(130): note: while compiling class template member function 'Graph_lib::Vector_ref<Graph_lib::Button>::~Vector_ref(void)'
         c:\users\samuel.fiddis\documents\visual studio 2015\projects\chapter_13_exercises\chapter_13_exercises\gui.h(97): note: see reference to function template instantiation 'Graph_lib::Vector_ref<Graph_lib::Button>::~Vector_ref(void)' being compiled
         c:\users\samuel.fiddis\documents\visual studio 2015\projects\chapter_13_exercises\chapter_13_exercises\gui.h(99): note: see reference to class template instantiation 'Graph_lib::Vector_ref<Graph_lib::Button>' being compiled
       Link:
         C:\Program Files (x86)\Microsoft Visual Studio 14.0\VC\bin\link.exe /ERRORREPORT:PROMPT /OUT:"C:\Users\samuel.fiddis\documents\visual studio 2015\Projects\Chapter_13_Exercises\Debug\Chapter_13_Exercises.exe" /INCREMENTAL /NOLOGO fltkd.lib wsock32.lib comctl32.lib fltkjpegd.lib fltkimagesd.lib kernel32.lib user32.lib gdi32.lib winspool.lib comdlg32.lib advapi32.lib shell32.lib ole32.lib oleaut32.lib uuid.lib odbc32.lib odbccp32.lib /MANIFEST /MANIFESTUAC:"level='asInvoker' uiAccess='false'" /manifest:embed /Debug /PDB:"C:\Users\samuel.fiddis\documents\visual studio 2015\Projects\Chapter_13_Exercises\Debug\Chapter_13_Exercises.pdb" /SUBSYSTEM:CONSOLE /TLBID:1 /DYNAMICBASE /NXCOMPAT /IMPLIB:"C:\Users\samuel.fiddis\documents\visual studio 2015\Projects\Chapter_13_Exercises\Debug\Chapter_13_Exercises.lib" /MACHINE:X86 Debug\Drill.obj
         Debug\Graph.obj
         Debug\GUI.obj
         Debug\Simple_window.obj
         Debug\Window.obj
         Chapter_13_Exercises.vcxproj -> C:\Users\samuel.fiddis\documents\visual studio 2015\Projects\Chapter_13_Exercises\Debug\Chapter_13_Exercises.exe
     1>Done Building Project "C:\Users\samuel.fiddis\documents\visual studio 2015\Projects\Chapter_13_Exercises\Chapter_13_Exercises\Chapter_13_Exercises.vcxproj" (Build target(s)).

Build succeeded.

Time Elapsed 00:00:05.93
